This is pdfTeX, Version 3.14159265-2.6-1.40.21 (MiKTeX 20.12) (preloaded format=pdflatex 2021.2.5)  7 JUL 2021 15:53
entering extended mode
**SI pdflatex SI
(SI.tex
LaTeX2e <2020-10-01> patch level 4
L3 programming layer <2021-01-09> xparse <2020-03-03>
("/Users/tsantaloci/Library/Application Support/MiKTeX/texmfs/install/tex/latex
/achemso/achemso.cls"
Document Class: achemso 2021-01-20 v3.13c Submission to ACS journals

("/Users/tsantaloci/Library/Application Support/MiKTeX/texmfs/install/tex/latex
/base/article.cls"
Document Class: article 2020/04/10 v1.4m Standard LaTeX document class

("/Users/tsantaloci/Library/Application Support/MiKTeX/texmfs/install/tex/latex
/base/size12.clo"
File: size12.clo 2020/04/10 v1.4m Standard LaTeX file (size option)
)
\c@part=\count177
\c@section=\count178
\c@subsection=\count179
\c@subsubsection=\count180
\c@paragraph=\count181
\c@subparagraph=\count182
\c@figure=\count183
\c@table=\count184
\abovecaptionskip=\skip47
\belowcaptionskip=\skip48
\bibindent=\dimen138
)
("/Users/tsantaloci/Library/Application Support/MiKTeX/texmfs/install/tex/latex
/xkeyval/xkeyval.sty"
Package: xkeyval 2020/11/20 v2.8 package option processing (HA)

("/Users/tsantaloci/Library/Application Support/MiKTeX/texmfs/install/tex/gener
ic/xkeyval/xkeyval.tex"
("/Users/tsantaloci/Library/Application Support/MiKTeX/texmfs/install/tex/gener
ic/xkeyval/xkvutils.tex"
\XKV@toks=\toks15
\XKV@tempa@toks=\toks16

("/Users/tsantaloci/Library/Application Support/MiKTeX/texmfs/install/tex/gener
ic/xkeyval/keyval.tex"))
\XKV@depth=\count185
File: xkeyval.tex 2014/12/03 v2.7a key=value parser (HA)
))
\acs@bib@file=\write3
\c@bibnote=\count186

("/Users/tsantaloci/Library/Application Support/MiKTeX/texmfs/install/tex/latex
/geometry/geometry.sty"
Package: geometry 2020/01/02 v5.9 Page Geometry

("/Users/tsantaloci/Library/Application Support/MiKTeX/texmfs/install/tex/gener
ic/iftex/ifvtex.sty"
Package: ifvtex 2019/10/25 v1.7 ifvtex legacy package. Use iftex instead.

("/Users/tsantaloci/Library/Application Support/MiKTeX/texmfs/install/tex/gener
ic/iftex/iftex.sty"
Package: iftex 2020/03/06 v1.0d TeX engine tests
))
\Gm@cnth=\count187
\Gm@cntv=\count188
\c@Gm@tempcnt=\count189
\Gm@bindingoffset=\dimen139
\Gm@wd@mp=\dimen140
\Gm@odd@mp=\dimen141
\Gm@even@mp=\dimen142
\Gm@layoutwidth=\dimen143
\Gm@layoutheight=\dimen144
\Gm@layouthoffset=\dimen145
\Gm@layoutvoffset=\dimen146
\Gm@dimlist=\toks17

("/Users/tsantaloci/Library/Application Support/MiKTeX/texmfs/install/tex/latex
/geometry/geometry.cfg"))
("/Users/tsantaloci/Library/Application Support/MiKTeX/texmfs/install/tex/latex
/caption/caption.sty"
Package: caption 2020/10/26 v3.5g Customizing captions (AR)

("/Users/tsantaloci/Library/Application Support/MiKTeX/texmfs/install/tex/latex
/caption/caption3.sty"
Package: caption3 2020/10/21 v2.2e caption3 kernel (AR)
\captionmargin=\dimen147
\captionmargin@=\dimen148
\captionwidth=\dimen149
\caption@tempdima=\dimen150
\caption@indent=\dimen151
\caption@parindent=\dimen152
\caption@hangindent=\dimen153
Package caption Info: Standard document class detected.
)
\c@caption@flags=\count190
\c@continuedfloat=\count191
)
("/Users/tsantaloci/Library/Application Support/MiKTeX/texmfs/install/tex/latex
/float/float.sty"
Package: float 2001/11/08 v1.3d Float enhancements (AL)
\c@float@type=\count192
\float@exts=\toks18
\float@box=\box47
\@float@everytoks=\toks19
\@floatcapt=\box48
)
("/Users/tsantaloci/Library/Application Support/MiKTeX/texmfs/install/tex/latex
/graphics/graphicx.sty"
Package: graphicx 2020/09/09 v1.2b Enhanced LaTeX Graphics (DPC,SPQR)

("/Users/tsantaloci/Library/Application Support/MiKTeX/texmfs/install/tex/latex
/graphics/graphics.sty"
Package: graphics 2020/08/30 v1.4c Standard LaTeX Graphics (DPC,SPQR)

("/Users/tsantaloci/Library/Application Support/MiKTeX/texmfs/install/tex/latex
/graphics/trig.sty"
Package: trig 2016/01/03 v1.10 sin cos tan (DPC)
)
("/Users/tsantaloci/Library/Application Support/MiKTeX/texmfs/install/tex/latex
/graphics-cfg/graphics.cfg"
File: graphics.cfg 2016/06/04 v1.11 sample graphics configuration
)
Package graphics Info: Driver file: pdftex.def on input line 105.

("/Users/tsantaloci/Library/Application Support/MiKTeX/texmfs/install/tex/latex
/graphics-def/pdftex.def"
File: pdftex.def 2020/10/05 v1.2a Graphics/color driver for pdftex
))
\Gin@req@height=\dimen154
\Gin@req@width=\dimen155
)
("/Users/tsantaloci/Library/Application Support/MiKTeX/texmfs/install/tex/latex
/setspace/setspace.sty"
Package: setspace 2011/12/19 v6.7a set line spacing
)
("/Users/tsantaloci/Library/Application Support/MiKTeX/texmfs/install/tex/latex
/url/url.sty"
\Urlmuskip=\muskip16
Package: url 2013/09/16  ver 3.4  Verb mode for urls, etc.
)
\acs@author@cnt=\count193
\acs@affil@cnt=\count194
\acs@affil@alt@cnt=\count195
\acs@footnote@cnt=\count196
\acs@affil@marker@cnt=\count197
\acs@space@pre@title=\skip49
\acs@space@post@title=\skip50
\acs@space@post@author=\skip51
\acs@space@post@address=\skip52
\acs@space@post@email=\skip53
\acs@maketitle@width=\skip54
\@float@every@scheme=\toks20
\c@scheme=\count198
\@float@every@chart=\toks21
\c@chart=\count199
\@float@every@graph=\toks22
\c@graph=\count266
\@float@every@table=\toks23
\acs@collect@toks=\toks24
\acs@collect@empty@toks=\toks25
\acs@tocentry@height=\skip55
\acs@tocentry@width=\skip56

("/Users/tsantaloci/Library/Application Support/MiKTeX/texmfs/install/tex/latex
/achemso/achemso-jacsat.cfg"
File: achemso-jacsat.cfg 2021-01-20 v3.13c achemso configuration: J. Am. Chem. 
Soc.
)
("/Users/tsantaloci/Library/Application Support/MiKTeX/texmfs/install/tex/latex
/natbib/natbib.sty"
Package: natbib 2010/09/13 8.31b (PWD, AO)
\bibhang=\skip57
\bibsep=\skip58
LaTeX Info: Redefining \cite on input line 694.
\c@NAT@ctr=\count267
)
("/Users/tsantaloci/Library/Application Support/MiKTeX/texmfs/install/tex/latex
/achemso/natmove.sty"
Package: natmove 2010/01/15 v1.1a Automatic citation moving with natbib
)
("/Users/tsantaloci/Library/Application Support/MiKTeX/texmfs/install/tex/latex
/mciteplus/mciteplus.sty"
Package: mciteplus 2013/09/13 v1.2 enhanced mcite
\@mcitetmptoksA=\toks26
\@mcitetmpdima=\dimen156
\@mcitetmpdimb=\dimen157
\@mcitetmpcnta=\count268
\@mcitetmpcntb=\count269
\c@mcitebibitemcount=\count270
\c@mcitesubitemcount=\count271

** mciteplus: Detected natbib.sty. Invoking hooks.
))
("/Users/tsantaloci/Library/Application Support/MiKTeX/texmfs/install/tex/latex
/chemformula/chemformula.sty"
("/Users/tsantaloci/Library/Application Support/MiKTeX/texmfs/install/tex/latex
/pgf/frontendlayer/tikz.sty"
("/Users/tsantaloci/Library/Application Support/MiKTeX/texmfs/install/tex/latex
/pgf/basiclayer/pgf.sty"
("/Users/tsantaloci/Library/Application Support/MiKTeX/texmfs/install/tex/latex
/pgf/utilities/pgfrcs.sty"
("/Users/tsantaloci/Library/Application Support/MiKTeX/texmfs/install/tex/gener
ic/pgf/utilities/pgfutil-common.tex"
\pgfutil@everybye=\toks27
\pgfutil@tempdima=\dimen158
\pgfutil@tempdimb=\dimen159

("/Users/tsantaloci/Library/Application Support/MiKTeX/texmfs/install/tex/gener
ic/pgf/utilities/pgfutil-common-lists.tex"))
("/Users/tsantaloci/Library/Application Support/MiKTeX/texmfs/install/tex/gener
ic/pgf/utilities/pgfutil-latex.def"
\pgfutil@abb=\box49
)
("/Users/tsantaloci/Library/Application Support/MiKTeX/texmfs/install/tex/gener
ic/pgf/utilities/pgfrcs.code.tex"
("/Users/tsantaloci/Library/Application Support/MiKTeX/texmfs/install/tex/gener
ic/pgf/pgf.revision.tex")
Package: pgfrcs 2020/12/27 v3.1.8b (3.1.8b)
))
Package: pgf 2020/12/27 v3.1.8b (3.1.8b)

("/Users/tsantaloci/Library/Application Support/MiKTeX/texmfs/install/tex/latex
/pgf/basiclayer/pgfcore.sty"
("/Users/tsantaloci/Library/Application Support/MiKTeX/texmfs/install/tex/latex
/pgf/systemlayer/pgfsys.sty"
("/Users/tsantaloci/Library/Application Support/MiKTeX/texmfs/install/tex/gener
ic/pgf/systemlayer/pgfsys.code.tex"
Package: pgfsys 2020/12/27 v3.1.8b (3.1.8b)

("/Users/tsantaloci/Library/Application Support/MiKTeX/texmfs/install/tex/gener
ic/pgf/utilities/pgfkeys.code.tex"
\pgfkeys@pathtoks=\toks28
\pgfkeys@temptoks=\toks29

("/Users/tsantaloci/Library/Application Support/MiKTeX/texmfs/install/tex/gener
ic/pgf/utilities/pgfkeysfiltered.code.tex"
\pgfkeys@tmptoks=\toks30
))
\pgf@x=\dimen160
\pgf@y=\dimen161
\pgf@xa=\dimen162
\pgf@ya=\dimen163
\pgf@xb=\dimen164
\pgf@yb=\dimen165
\pgf@xc=\dimen166
\pgf@yc=\dimen167
\pgf@xd=\dimen168
\pgf@yd=\dimen169
\w@pgf@writea=\write4
\r@pgf@reada=\read2
\c@pgf@counta=\count272
\c@pgf@countb=\count273
\c@pgf@countc=\count274
\c@pgf@countd=\count275
\t@pgf@toka=\toks31
\t@pgf@tokb=\toks32
\t@pgf@tokc=\toks33
\pgf@sys@id@count=\count276

("/Users/tsantaloci/Library/Application Support/MiKTeX/texmfs/install/tex/gener
ic/pgf/systemlayer/pgf.cfg"
File: pgf.cfg 2020/12/27 v3.1.8b (3.1.8b)
)
Driver file for pgf: pgfsys-pdftex.def

("/Users/tsantaloci/Library/Application Support/MiKTeX/texmfs/install/tex/gener
ic/pgf/systemlayer/pgfsys-pdftex.def"
File: pgfsys-pdftex.def 2020/12/27 v3.1.8b (3.1.8b)

("/Users/tsantaloci/Library/Application Support/MiKTeX/texmfs/install/tex/gener
ic/pgf/systemlayer/pgfsys-common-pdf.def"
File: pgfsys-common-pdf.def 2020/12/27 v3.1.8b (3.1.8b)
)))
("/Users/tsantaloci/Library/Application Support/MiKTeX/texmfs/install/tex/gener
ic/pgf/systemlayer/pgfsyssoftpath.code.tex"
File: pgfsyssoftpath.code.tex 2020/12/27 v3.1.8b (3.1.8b)
\pgfsyssoftpath@smallbuffer@items=\count277
\pgfsyssoftpath@bigbuffer@items=\count278
)
("/Users/tsantaloci/Library/Application Support/MiKTeX/texmfs/install/tex/gener
ic/pgf/systemlayer/pgfsysprotocol.code.tex"
File: pgfsysprotocol.code.tex 2020/12/27 v3.1.8b (3.1.8b)
))
("/Users/tsantaloci/Library/Application Support/MiKTeX/texmfs/install/tex/latex
/xcolor/xcolor.sty"
Package: xcolor 2016/05/11 v2.12 LaTeX color extensions (UK)

("/Users/tsantaloci/Library/Application Support/MiKTeX/texmfs/install/tex/latex
/graphics-cfg/color.cfg"
File: color.cfg 2016/01/02 v1.6 sample color configuration
)
Package xcolor Info: Driver file: pdftex.def on input line 225.
Package xcolor Info: Model `cmy' substituted by `cmy0' on input line 1348.
Package xcolor Info: Model `hsb' substituted by `rgb' on input line 1352.
Package xcolor Info: Model `RGB' extended on input line 1364.
Package xcolor Info: Model `HTML' substituted by `rgb' on input line 1366.
Package xcolor Info: Model `Hsb' substituted by `hsb' on input line 1367.
Package xcolor Info: Model `tHsb' substituted by `hsb' on input line 1368.
Package xcolor Info: Model `HSB' substituted by `hsb' on input line 1369.
Package xcolor Info: Model `Gray' substituted by `gray' on input line 1370.
Package xcolor Info: Model `wave' substituted by `hsb' on input line 1371.
)
("/Users/tsantaloci/Library/Application Support/MiKTeX/texmfs/install/tex/gener
ic/pgf/basiclayer/pgfcore.code.tex"
Package: pgfcore 2020/12/27 v3.1.8b (3.1.8b)

("/Users/tsantaloci/Library/Application Support/MiKTeX/texmfs/install/tex/gener
ic/pgf/math/pgfmath.code.tex"
("/Users/tsantaloci/Library/Application Support/MiKTeX/texmfs/install/tex/gener
ic/pgf/math/pgfmathcalc.code.tex"
("/Users/tsantaloci/Library/Application Support/MiKTeX/texmfs/install/tex/gener
ic/pgf/math/pgfmathutil.code.tex")
("/Users/tsantaloci/Library/Application Support/MiKTeX/texmfs/install/tex/gener
ic/pgf/math/pgfmathparser.code.tex"
\pgfmath@dimen=\dimen170
\pgfmath@count=\count279
\pgfmath@box=\box50
\pgfmath@toks=\toks34
\pgfmath@stack@operand=\toks35
\pgfmath@stack@operation=\toks36
)
("/Users/tsantaloci/Library/Application Support/MiKTeX/texmfs/install/tex/gener
ic/pgf/math/pgfmathfunctions.code.tex"
("/Users/tsantaloci/Library/Application Support/MiKTeX/texmfs/install/tex/gener
ic/pgf/math/pgfmathfunctions.basic.code.tex")
("/Users/tsantaloci/Library/Application Support/MiKTeX/texmfs/install/tex/gener
ic/pgf/math/pgfmathfunctions.trigonometric.code.tex")
("/Users/tsantaloci/Library/Application Support/MiKTeX/texmfs/install/tex/gener
ic/pgf/math/pgfmathfunctions.random.code.tex")
("/Users/tsantaloci/Library/Application Support/MiKTeX/texmfs/install/tex/gener
ic/pgf/math/pgfmathfunctions.comparison.code.tex")
("/Users/tsantaloci/Library/Application Support/MiKTeX/texmfs/install/tex/gener
ic/pgf/math/pgfmathfunctions.base.code.tex")
("/Users/tsantaloci/Library/Application Support/MiKTeX/texmfs/install/tex/gener
ic/pgf/math/pgfmathfunctions.round.code.tex")
("/Users/tsantaloci/Library/Application Support/MiKTeX/texmfs/install/tex/gener
ic/pgf/math/pgfmathfunctions.misc.code.tex")
("/Users/tsantaloci/Library/Application Support/MiKTeX/texmfs/install/tex/gener
ic/pgf/math/pgfmathfunctions.integerarithmetics.code.tex")))
("/Users/tsantaloci/Library/Application Support/MiKTeX/texmfs/install/tex/gener
ic/pgf/math/pgfmathfloat.code.tex"
\c@pgfmathroundto@lastzeros=\count280
))
("/Users/tsantaloci/Library/Application Support/MiKTeX/texmfs/install/tex/gener
ic/pgf/math/pgfint.code.tex")
("/Users/tsantaloci/Library/Application Support/MiKTeX/texmfs/install/tex/gener
ic/pgf/basiclayer/pgfcorepoints.code.tex"
File: pgfcorepoints.code.tex 2020/12/27 v3.1.8b (3.1.8b)
\pgf@picminx=\dimen171
\pgf@picmaxx=\dimen172
\pgf@picminy=\dimen173
\pgf@picmaxy=\dimen174
\pgf@pathminx=\dimen175
\pgf@pathmaxx=\dimen176
\pgf@pathminy=\dimen177
\pgf@pathmaxy=\dimen178
\pgf@xx=\dimen179
\pgf@xy=\dimen180
\pgf@yx=\dimen181
\pgf@yy=\dimen182
\pgf@zx=\dimen183
\pgf@zy=\dimen184
)
("/Users/tsantaloci/Library/Application Support/MiKTeX/texmfs/install/tex/gener
ic/pgf/basiclayer/pgfcorepathconstruct.code.tex"
File: pgfcorepathconstruct.code.tex 2020/12/27 v3.1.8b (3.1.8b)
\pgf@path@lastx=\dimen185
\pgf@path@lasty=\dimen186
)
("/Users/tsantaloci/Library/Application Support/MiKTeX/texmfs/install/tex/gener
ic/pgf/basiclayer/pgfcorepathusage.code.tex"
File: pgfcorepathusage.code.tex 2020/12/27 v3.1.8b (3.1.8b)
\pgf@shorten@end@additional=\dimen187
\pgf@shorten@start@additional=\dimen188
)
("/Users/tsantaloci/Library/Application Support/MiKTeX/texmfs/install/tex/gener
ic/pgf/basiclayer/pgfcorescopes.code.tex"
File: pgfcorescopes.code.tex 2020/12/27 v3.1.8b (3.1.8b)
\pgfpic=\box51
\pgf@hbox=\box52
\pgf@layerbox@main=\box53
\pgf@picture@serial@count=\count281
)
("/Users/tsantaloci/Library/Application Support/MiKTeX/texmfs/install/tex/gener
ic/pgf/basiclayer/pgfcoregraphicstate.code.tex"
File: pgfcoregraphicstate.code.tex 2020/12/27 v3.1.8b (3.1.8b)
\pgflinewidth=\dimen189
)
("/Users/tsantaloci/Library/Application Support/MiKTeX/texmfs/install/tex/gener
ic/pgf/basiclayer/pgfcoretransformations.code.tex"
File: pgfcoretransformations.code.tex 2020/12/27 v3.1.8b (3.1.8b)
\pgf@pt@x=\dimen190
\pgf@pt@y=\dimen191
\pgf@pt@temp=\dimen192
)
("/Users/tsantaloci/Library/Application Support/MiKTeX/texmfs/install/tex/gener
ic/pgf/basiclayer/pgfcorequick.code.tex"
File: pgfcorequick.code.tex 2020/12/27 v3.1.8b (3.1.8b)
)
("/Users/tsantaloci/Library/Application Support/MiKTeX/texmfs/install/tex/gener
ic/pgf/basiclayer/pgfcoreobjects.code.tex"
File: pgfcoreobjects.code.tex 2020/12/27 v3.1.8b (3.1.8b)
)
("/Users/tsantaloci/Library/Application Support/MiKTeX/texmfs/install/tex/gener
ic/pgf/basiclayer/pgfcorepathprocessing.code.tex"
File: pgfcorepathprocessing.code.tex 2020/12/27 v3.1.8b (3.1.8b)
)
("/Users/tsantaloci/Library/Application Support/MiKTeX/texmfs/install/tex/gener
ic/pgf/basiclayer/pgfcorearrows.code.tex"
File: pgfcorearrows.code.tex 2020/12/27 v3.1.8b (3.1.8b)
\pgfarrowsep=\dimen193
)
("/Users/tsantaloci/Library/Application Support/MiKTeX/texmfs/install/tex/gener
ic/pgf/basiclayer/pgfcoreshade.code.tex"
File: pgfcoreshade.code.tex 2020/12/27 v3.1.8b (3.1.8b)
\pgf@max=\dimen194
\pgf@sys@shading@range@num=\count282
\pgf@shadingcount=\count283
)
("/Users/tsantaloci/Library/Application Support/MiKTeX/texmfs/install/tex/gener
ic/pgf/basiclayer/pgfcoreimage.code.tex"
File: pgfcoreimage.code.tex 2020/12/27 v3.1.8b (3.1.8b)

("/Users/tsantaloci/Library/Application Support/MiKTeX/texmfs/install/tex/gener
ic/pgf/basiclayer/pgfcoreexternal.code.tex"
File: pgfcoreexternal.code.tex 2020/12/27 v3.1.8b (3.1.8b)
\pgfexternal@startupbox=\box54
))
("/Users/tsantaloci/Library/Application Support/MiKTeX/texmfs/install/tex/gener
ic/pgf/basiclayer/pgfcorelayers.code.tex"
File: pgfcorelayers.code.tex 2020/12/27 v3.1.8b (3.1.8b)
)
("/Users/tsantaloci/Library/Application Support/MiKTeX/texmfs/install/tex/gener
ic/pgf/basiclayer/pgfcoretransparency.code.tex"
File: pgfcoretransparency.code.tex 2020/12/27 v3.1.8b (3.1.8b)
)
("/Users/tsantaloci/Library/Application Support/MiKTeX/texmfs/install/tex/gener
ic/pgf/basiclayer/pgfcorepatterns.code.tex"
File: pgfcorepatterns.code.tex 2020/12/27 v3.1.8b (3.1.8b)
)
("/Users/tsantaloci/Library/Application Support/MiKTeX/texmfs/install/tex/gener
ic/pgf/basiclayer/pgfcorerdf.code.tex"
File: pgfcorerdf.code.tex 2020/12/27 v3.1.8b (3.1.8b)
)))
("/Users/tsantaloci/Library/Application Support/MiKTeX/texmfs/install/tex/gener
ic/pgf/modules/pgfmoduleshapes.code.tex"
File: pgfmoduleshapes.code.tex 2020/12/27 v3.1.8b (3.1.8b)
\pgfnodeparttextbox=\box55
)
("/Users/tsantaloci/Library/Application Support/MiKTeX/texmfs/install/tex/gener
ic/pgf/modules/pgfmoduleplot.code.tex"
File: pgfmoduleplot.code.tex 2020/12/27 v3.1.8b (3.1.8b)
)
("/Users/tsantaloci/Library/Application Support/MiKTeX/texmfs/install/tex/latex
/pgf/compatibility/pgfcomp-version-0-65.sty"
Package: pgfcomp-version-0-65 2020/12/27 v3.1.8b (3.1.8b)
\pgf@nodesepstart=\dimen195
\pgf@nodesepend=\dimen196
)
("/Users/tsantaloci/Library/Application Support/MiKTeX/texmfs/install/tex/latex
/pgf/compatibility/pgfcomp-version-1-18.sty"
Package: pgfcomp-version-1-18 2020/12/27 v3.1.8b (3.1.8b)
))
("/Users/tsantaloci/Library/Application Support/MiKTeX/texmfs/install/tex/latex
/pgf/utilities/pgffor.sty"
("/Users/tsantaloci/Library/Application Support/MiKTeX/texmfs/install/tex/latex
/pgf/utilities/pgfkeys.sty"
("/Users/tsantaloci/Library/Application Support/MiKTeX/texmfs/install/tex/gener
ic/pgf/utilities/pgfkeys.code.tex"))
("/Users/tsantaloci/Library/Application Support/MiKTeX/texmfs/install/tex/latex
/pgf/math/pgfmath.sty"
("/Users/tsantaloci/Library/Application Support/MiKTeX/texmfs/install/tex/gener
ic/pgf/math/pgfmath.code.tex"))
("/Users/tsantaloci/Library/Application Support/MiKTeX/texmfs/install/tex/gener
ic/pgf/utilities/pgffor.code.tex"
Package: pgffor 2020/12/27 v3.1.8b (3.1.8b)

("/Users/tsantaloci/Library/Application Support/MiKTeX/texmfs/install/tex/gener
ic/pgf/math/pgfmath.code.tex")
\pgffor@iter=\dimen197
\pgffor@skip=\dimen198
\pgffor@stack=\toks37
\pgffor@toks=\toks38
))
("/Users/tsantaloci/Library/Application Support/MiKTeX/texmfs/install/tex/gener
ic/pgf/frontendlayer/tikz/tikz.code.tex"
Package: tikz 2020/12/27 v3.1.8b (3.1.8b)

("/Users/tsantaloci/Library/Application Support/MiKTeX/texmfs/install/tex/gener
ic/pgf/libraries/pgflibraryplothandlers.code.tex"
File: pgflibraryplothandlers.code.tex 2020/12/27 v3.1.8b (3.1.8b)
\pgf@plot@mark@count=\count284
\pgfplotmarksize=\dimen199
)
\tikz@lastx=\dimen256
\tikz@lasty=\dimen257
\tikz@lastxsaved=\dimen258
\tikz@lastysaved=\dimen259
\tikz@lastmovetox=\dimen260
\tikz@lastmovetoy=\dimen261
\tikzleveldistance=\dimen262
\tikzsiblingdistance=\dimen263
\tikz@figbox=\box56
\tikz@figbox@bg=\box57
\tikz@tempbox=\box58
\tikz@tempbox@bg=\box59
\tikztreelevel=\count285
\tikznumberofchildren=\count286
\tikznumberofcurrentchild=\count287
\tikz@fig@count=\count288

("/Users/tsantaloci/Library/Application Support/MiKTeX/texmfs/install/tex/gener
ic/pgf/modules/pgfmodulematrix.code.tex"
File: pgfmodulematrix.code.tex 2020/12/27 v3.1.8b (3.1.8b)
\pgfmatrixcurrentrow=\count289
\pgfmatrixcurrentcolumn=\count290
\pgf@matrix@numberofcolumns=\count291
)
\tikz@expandcount=\count292

("/Users/tsantaloci/Library/Application Support/MiKTeX/texmfs/install/tex/gener
ic/pgf/frontendlayer/tikz/libraries/tikzlibrarytopaths.code.tex"
File: tikzlibrarytopaths.code.tex 2020/12/27 v3.1.8b (3.1.8b)
)))
("/Users/tsantaloci/Library/Application Support/MiKTeX/texmfs/install/tex/latex
/amsmath/amsmath.sty"
Package: amsmath 2020/09/23 v2.17i AMS math features
\@mathmargin=\skip59

For additional information on amsmath, use the `?' option.

("/Users/tsantaloci/Library/Application Support/MiKTeX/texmfs/install/tex/latex
/amsmath/amstext.sty"
Package: amstext 2000/06/29 v2.01 AMS text

("/Users/tsantaloci/Library/Application Support/MiKTeX/texmfs/install/tex/latex
/amsmath/amsgen.sty"
File: amsgen.sty 1999/11/30 v2.0 generic functions
\@emptytoks=\toks39
\ex@=\dimen264
))
("/Users/tsantaloci/Library/Application Support/MiKTeX/texmfs/install/tex/latex
/amsmath/amsbsy.sty"
Package: amsbsy 1999/11/29 v1.2d Bold Symbols
\pmbraise@=\dimen265
)
("/Users/tsantaloci/Library/Application Support/MiKTeX/texmfs/install/tex/latex
/amsmath/amsopn.sty"
Package: amsopn 2016/03/08 v2.02 operator names
)
\inf@bad=\count293
LaTeX Info: Redefining \frac on input line 234.
\uproot@=\count294
\leftroot@=\count295
LaTeX Info: Redefining \overline on input line 399.
\classnum@=\count296
\DOTSCASE@=\count297
LaTeX Info: Redefining \ldots on input line 496.
LaTeX Info: Redefining \dots on input line 499.
LaTeX Info: Redefining \cdots on input line 620.
\Mathstrutbox@=\box60
\strutbox@=\box61
\big@size=\dimen266
LaTeX Font Info:    Redeclaring font encoding OML on input line 743.
LaTeX Font Info:    Redeclaring font encoding OMS on input line 744.
\macc@depth=\count298
\c@MaxMatrixCols=\count299
\dotsspace@=\muskip17
\c@parentequation=\count300
\dspbrk@lvl=\count301
\tag@help=\toks40
\row@=\count302
\column@=\count303
\maxfields@=\count304
\andhelp@=\toks41
\eqnshift@=\dimen267
\alignsep@=\dimen268
\tagshift@=\dimen269
\tagwidth@=\dimen270
\totwidth@=\dimen271
\lineht@=\dimen272
\@envbody=\toks42
\multlinegap=\skip60
\multlinetaggap=\skip61
\mathdisplay@stack=\toks43
LaTeX Info: Redefining \[ on input line 2923.
LaTeX Info: Redefining \] on input line 2924.
)
("/Users/tsantaloci/Library/Application Support/MiKTeX/texmfs/install/tex/latex
/l3packages/xfrac/xfrac.sty"
("/Users/tsantaloci/Library/Application Support/MiKTeX/texmfs/install/tex/latex
/l3kernel/expl3.sty"
Package: expl3 2021-01-09 L3 programming layer (loader) 

("/Users/tsantaloci/Library/Application Support/MiKTeX/texmfs/install/tex/latex
/l3backend/l3backend-pdftex.def"
File: l3backend-pdftex.def 2020-01-29 L3 backend support: PDF output (pdfTeX)
\l__color_backend_stack_int=\count305
\l__pdf_internal_box=\box62
))
("/Users/tsantaloci/Library/Application Support/MiKTeX/texmfs/install/tex/latex
/l3packages/l3keys2e/l3keys2e.sty"
Package: l3keys2e 2020-10-27 LaTeX2e option processing using LaTeX3 keys
)
("/Users/tsantaloci/Library/Application Support/MiKTeX/texmfs/install/tex/latex
/base/textcomp.sty"
Package: textcomp 2020/02/02 v2.0n Standard LaTeX package
)
("/Users/tsantaloci/Library/Application Support/MiKTeX/texmfs/install/tex/latex
/l3packages/xparse/xparse.sty"
Package: xparse 2020-10-27 L3 Experimental document command parser

("/Users/tsantaloci/Library/Application Support/MiKTeX/texmfs/install/tex/latex
/l3packages/xparse/xparse-generic.tex"))
("/Users/tsantaloci/Library/Application Support/MiKTeX/texmfs/install/tex/latex
/l3packages/xtemplate/xtemplate.sty"
Package: xtemplate 2020-10-27 L3 Experimental prototype document functions
\l__xtemplate_tmp_dim=\dimen273
\l__xtemplate_tmp_int=\count306
\l__xtemplate_tmp_muskip=\muskip18
\l__xtemplate_tmp_skip=\skip62
)
Package: xfrac 2020-10-27 L3 Experimental split-level fractions
\l__xfrac_slash_box=\box63
\l__xfrac_tmp_box=\box64
\l__xfrac_denominator_bot_sep_dim=\dimen274
\l__xfrac_numerator_bot_sep_dim=\dimen275
\l__xfrac_numerator_top_sep_dim=\dimen276
\l__xfrac_slash_left_sep_dim=\dimen277
\l__xfrac_slash_right_sep_dim=\dimen278
\l__xfrac_slash_left_muskip=\muskip19
\l__xfrac_slash_right_muskip=\muskip20

Package xtemplate Info: Declaring object type 'xfrac' taking 3 argument(s) on
(xtemplate)             line 80.

)
("/Users/tsantaloci/Library/Application Support/MiKTeX/texmfs/install/tex/latex
/units/nicefrac.sty"
Package: nicefrac 1998/08/04 v0.9b Nice fractions
\L@UnitsRaiseDisplaystyle=\skip63
\L@UnitsRaiseTextstyle=\skip64
\L@UnitsRaiseScriptstyle=\skip65

("/Users/tsantaloci/Library/Application Support/MiKTeX/texmfs/install/tex/latex
/base/ifthen.sty"
Package: ifthen 2014/09/29 v1.1c Standard LaTeX ifthen package (DPC)
))
("/Users/tsantaloci/Library/Application Support/MiKTeX/texmfs/install/tex/gener
ic/pgf/libraries/pgflibraryarrows.meta.code.tex"
File: pgflibraryarrows.meta.code.tex 2020/12/27 v3.1.8b (3.1.8b)
\pgfarrowinset=\dimen279
\pgfarrowlength=\dimen280
\pgfarrowwidth=\dimen281
\pgfarrowlinewidth=\dimen282
)
Package: chemformula 2020/12/22 v4.16 typeset chemical compounds and reactions 
(CN)
\l__chemformula_tmpa_dim=\dimen283
\l__chemformula_tmpb_dim=\dimen284
\l__chemformula_tmpc_dim=\dimen285
\l__chemformula_tmpa_int=\count307
\l__chemformula_tmpb_int=\count308
\l__chemformula_tmpc_int=\count309
\l__chemformula_tmpa_box=\box65
\l__chemformula_tmpb_box=\box66
\l__chemformula_arrow_length_dim=\dimen286
\l__chemformula_arrow_label_height_dim=\dimen287
\l__chemformula_arrow_label_offset_dim=\dimen288
\l__chemformula_arrow_minimum_length_dim=\dimen289
\l__chemformula_arrow_shortage_dim=\dimen290
\l__chemformula_arrow_offset_dim=\dimen291
\l__chemformula_arrow_yshift_dim=\dimen292
\l__chemformula_radical_radius_dim=\dimen293
\l__chemformula_radical_hshift_dim=\dimen294
\l__chemformula_radical_vshift_dim=\dimen295
\l__chemformula_radical_space_dim=\dimen296
\l__chemformula_arrow_head_dim=\dimen297
\l__chemformula_name_dim=\dimen298
\l__chemformula_adduct_space_dim=\dimen299
\l__chemformula_charge_shift_dim=\dimen300
\l__chemformula_subscript_shift_dim=\dimen301
\l__chemformula_superscript_shift_dim=\dimen302
\l__chemformula_subscript_dim=\dimen303
\l__chemformula_superscript_dim=\dimen304
\l__chemformula_bond_dim=\dimen305
\l__chemformula_bond_space_dim=\dimen306
\l__chemformula_elspec_pair_distance_dim=\dimen307
\l__chemformula_elspec_pair_line_length_dim=\dimen308
\l__chemformula_elspec_pair_width_dim=\dimen309
\l__chemformula_kroegervink_positive_radius_dim=\dimen310
\l__chemformula_kroegervink_positive_hshift_dim=\dimen311
\l__chemformula_kroegervink_positive_vshift_dim=\dimen312
\l__chemformula_kroegervink_positive_space_dim=\dimen313
\l__chemformula_stoich_space_skip=\skip66
\l__chemformula_math_space_skip=\skip67
\l__chemformula_additions_symbol_space_skip=\skip68
\l__chemformula_count_tokens_int=\count310
\g__chemformula_lewis_int=\count311
\l__chemformula_arrow_arg_i_box=\box67
\l__chemformula_arrow_arg_ii_box=\box68
\l__chemformula_superscript_box=\box69
\l__chemformula_subscript_box=\box70
\l__chemformula_plus_space_skip=\skip69
\l__chemformula_minus_space_skip=\skip70
)
("/Users/tsantaloci/Library/Application Support/MiKTeX/texmfs/install/tex/latex
/base/fontenc.sty"
Package: fontenc 2020/08/10 v2.0s Standard LaTeX package
)
("/Users/tsantaloci/Library/Application Support/MiKTeX/texmfs/install/tex/latex
/caption/subcaption.sty"
Package: subcaption 2020/10/07 v1.3j Sub-captions (AR)
\c@subfigure=\count312
\c@subtable=\count313
)

Class achemso Warning: E-mail with no author on input line 11.

(SI.aux)
\openout1 = `SI.aux'.

LaTeX Font Info:    Checking defaults for OML/cmm/m/it on input line 12.
LaTeX Font Info:    ... okay on input line 12.
LaTeX Font Info:    Checking defaults for OMS/cmsy/m/n on input line 12.
LaTeX Font Info:    ... okay on input line 12.
LaTeX Font Info:    Checking defaults for OT1/cmr/m/n on input line 12.
LaTeX Font Info:    ... okay on input line 12.
LaTeX Font Info:    Checking defaults for T1/cmr/m/n on input line 12.
LaTeX Font Info:    ... okay on input line 12.
LaTeX Font Info:    Checking defaults for TS1/cmr/m/n on input line 12.
LaTeX Font Info:    ... okay on input line 12.
LaTeX Font Info:    Checking defaults for OMX/cmex/m/n on input line 12.
LaTeX Font Info:    ... okay on input line 12.
LaTeX Font Info:    Checking defaults for U/cmr/m/n on input line 12.
LaTeX Font Info:    ... okay on input line 12.
\openout3 = `acs-SI.bib'.


*geometry* driver: auto-detecting
*geometry* detected driver: pdftex
*geometry* verbose mode - [ preamble ] result:
* driver: pdftex
* paper: <default>
* layout: <same size as paper>
* layoutoffset:(h,v)=(0.0pt,0.0pt)
* modes: 
* h-part:(L,W,R)=(72.2698pt, 469.75539pt, 72.2698pt)
* v-part:(T,H,B)=(72.2698pt, 650.43037pt, 72.2698pt)
* \paperwidth=614.295pt
* \paperheight=794.96999pt
* \textwidth=469.75539pt
* \textheight=650.43037pt
* \oddsidemargin=-0.00018pt
* \evensidemargin=-0.00018pt
* \topmargin=-37.00018pt
* \headheight=12.0pt
* \headsep=25.0pt
* \topskip=12.0pt
* \footskip=30.0pt
* \marginparwidth=44.0pt
* \marginparsep=10.0pt
* \columnsep=10.0pt
* \skip\footins=10.8pt plus 4.0pt minus 2.0pt
* \hoffset=0.0pt
* \voffset=0.0pt
* \mag=1000
* \@twocolumnfalse
* \@twosidefalse
* \@mparswitchfalse
* \@reversemarginfalse
* (1in=72.27pt=25.4mm, 1cm=28.453pt)

Package caption Info: Begin \AtBeginDocument code.
Package caption Info: float package is loaded.
Package caption Info: End \AtBeginDocument code.

("/Users/tsantaloci/Library/Application Support/MiKTeX/texmfs/install/tex/conte
xt/base/mkii/supp-pdf.mkii"
[Loading MPS to PDF converter (version 2006.09.02).]
\scratchcounter=\count314
\scratchdimen=\dimen314
\scratchbox=\box71
\nofMPsegments=\count315
\nofMParguments=\count316
\everyMPshowfont=\toks44
\MPscratchCnt=\count317
\MPscratchDim=\dimen315
\MPnumerator=\count318
\makeMPintoPDFobject=\count319
\everyMPtoPDFconversion=\toks45
)
("/Users/tsantaloci/Library/Application Support/MiKTeX/texmfs/install/tex/latex
/epstopdf-pkg/epstopdf-base.sty"
Package: epstopdf-base 2020-01-24 v2.11 Base part for package epstopdf

("/Users/tsantaloci/Library/Application Support/MiKTeX/texmfs/install/tex/gener
ic/infwarerr/infwarerr.sty"
Package: infwarerr 2019/12/03 v1.5 Providing info/warning/error messages (HO)
)
("/Users/tsantaloci/Library/Application Support/MiKTeX/texmfs/install/tex/latex
/grfext/grfext.sty"
Package: grfext 2019/12/03 v1.3 Manage graphics extensions (HO)

("/Users/tsantaloci/Library/Application Support/MiKTeX/texmfs/install/tex/gener
ic/kvdefinekeys/kvdefinekeys.sty"
Package: kvdefinekeys 2019-12-19 v1.6 Define keys (HO)
))
("/Users/tsantaloci/Library/Application Support/MiKTeX/texmfs/install/tex/latex
/kvoptions/kvoptions.sty"
Package: kvoptions 2020-10-07 v3.14 Key value format for package options (HO)

("/Users/tsantaloci/Library/Application Support/MiKTeX/texmfs/install/tex/gener
ic/ltxcmds/ltxcmds.sty"
Package: ltxcmds 2020-05-10 v1.25 LaTeX kernel commands for general use (HO)
)
("/Users/tsantaloci/Library/Application Support/MiKTeX/texmfs/install/tex/gener
ic/kvsetkeys/kvsetkeys.sty"
Package: kvsetkeys 2019/12/15 v1.18 Key value parser (HO)
))
("/Users/tsantaloci/Library/Application Support/MiKTeX/texmfs/install/tex/gener
ic/pdftexcmds/pdftexcmds.sty"
Package: pdftexcmds 2020-06-27 v0.33 Utility functions of pdfTeX for LuaTeX (HO
)
Package pdftexcmds Info: \pdf@primitive is available.
Package pdftexcmds Info: \pdf@ifprimitive is available.
Package pdftexcmds Info: \pdfdraftmode found.
)
Package epstopdf-base Info: Redefining graphics rule for `.eps' on input line 4
85.
Package grfext Info: Graphics extension search list:
(grfext)             [.pdf,.png,.jpg,.mps,.jpeg,.jbig2,.jb2,.PDF,.PNG,.JPG,.JPE
G,.JBIG2,.JB2,.eps]
(grfext)             \AppendGraphicsExtensions on input line 504.
)
LaTeX Font Info:    Trying to load font information for T1+cmss on input line 1
2.

("/Users/tsantaloci/Library/Application Support/MiKTeX/texmfs/install/tex/latex
/base/t1cmss.fd"
File: t1cmss.fd 2019/12/16 v2.5j Standard LaTeX font definitions
)

! LaTeX Error: No \title given.

See the LaTeX manual or LaTeX Companion for explanation.
Type  H <return>  for immediate help.
 ...                                              
                                                  
l.12 \begin{document}
                     
? 

Class achemso Warning: No affiliations: at least one affiliation is needed on i
nput line 12.


Class achemso Warning: No e-mail given:
(achemso)              at lest one author must have a contact e-mail on input l
ine 12.

[1

{/Users/tsantaloci/Library/Application Support/MiKTeX/texmfs/data/pdftex/config
/pdftex.map}] [2] (SI.aux) ) 
Here is how much of TeX's memory you used:
 17596 strings out of 481551
 365204 string characters out of 2913966
 654435 words of memory out of 3000000
 34195 multiletter control sequences out of 15000+200000
 413909 words of font info for 49 fonts, out of 3000000 for 9000
 0 hyphenation exceptions out of 8191
 102i,8n,131p,473b,301s stack positions out of 5000i,500n,10000p,200000b,50000s
 </Users/tsantaloci/Library/Application Support/MiK
TeX/texmfs/data/fonts/pk/ljfour/jknappen/ec/dpi600/ecrm1200.pk> </Users/tsantal
oci/Library/Application Support/MiKTeX/texmfs/data/fonts/pk/ljfour/jknappen/ec/
dpi600/ecrm0600.pk> </Users/tsantaloci/Library/Application Support/MiKTeX/texmf
s/data/fonts/pk/ljfour/jknappen/ec/dpi600/ecss1200.pk>
Output written on SI.pdf (2 pages, 15030 bytes).
PDF statistics:
 57 PDF objects out of 1000 (max. 8388607)
 0 named destinations out of 1000 (max. 500000)
 13 words of extra memory for PDF output out of 10000 (max. 10000000)

